INFO: [VRFC 10-2263] Analyzing Verilog file "/home/edcn103/Dropbox/M.tech/Project/Hardware_Implementation/ConvEngine/ConvEngine.sim/sim_1/impl/timing/ConvEngineWeightBankTop_tb_time_impl.v" into library xil_defaultlib
INFO: [VRFC 10-311] analyzing module ConvEngineTop
INFO: [VRFC 10-311] analyzing module ConvEngineWeightBankToMACControl_v3
INFO: [VRFC 10-311] analyzing module ConvEngineWeightBankToMACDatapath_v4
INFO: [VRFC 10-311] analyzing module ConvEngineWeightBankToMACTop
INFO: [VRFC 10-311] analyzing module ConvEngineWeightBankTop
INFO: [VRFC 10-311] analyzing module ConvEngineWeightBank_MainControl_Level2_v2
INFO: [VRFC 10-311] analyzing module ConvEngineWeightBank_ReadControl_Level1_v2
INFO: [VRFC 10-311] analyzing module ConvEngineWeightBank_ReadControl_Level2_v1
INFO: [VRFC 10-311] analyzing module ConvEngineWeightBank_WriteControl_Level1_v2
INFO: [VRFC 10-311] analyzing module ConvEngineWeightBank_WriteControl_Level2
INFO: [VRFC 10-311] analyzing module ConvEngineWeightBank_v2
INFO: [VRFC 10-311] analyzing module ConvEngineWeightDDRToBank_ReadControl
INFO: [VRFC 10-311] analyzing module ConvEngineWeightDDRToBank_WriteControl
INFO: [VRFC 10-311] analyzing module blk_mem_gen_SDP_18KRAM_Awrite36depth512_Bread18
INFO: [VRFC 10-311] analyzing module blk_mem_gen_SDP_18KRAM_Awrite36depth512_Bread18_HD102
INFO: [VRFC 10-311] analyzing module blk_mem_gen_SDP_18KRAM_Awrite36depth512_Bread18_HD109
INFO: [VRFC 10-311] analyzing module blk_mem_gen_SDP_18KRAM_Awrite36depth512_Bread18_HD116
INFO: [VRFC 10-311] analyzing module blk_mem_gen_SDP_18KRAM_Awrite36depth512_Bread18_HD123
INFO: [VRFC 10-311] analyzing module blk_mem_gen_SDP_18KRAM_Awrite36depth512_Bread18_HD130
INFO: [VRFC 10-311] analyzing module blk_mem_gen_SDP_18KRAM_Awrite36depth512_Bread18_HD137
INFO: [VRFC 10-311] analyzing module blk_mem_gen_SDP_18KRAM_Awrite36depth512_Bread18_HD144
INFO: [VRFC 10-311] analyzing module blk_mem_gen_SDP_18KRAM_Awrite36depth512_Bread18_HD151
INFO: [VRFC 10-311] analyzing module blk_mem_gen_SDP_18KRAM_Awrite36depth512_Bread18_HD158
INFO: [VRFC 10-311] analyzing module blk_mem_gen_SDP_18KRAM_Awrite36depth512_Bread18_HD165
INFO: [VRFC 10-311] analyzing module blk_mem_gen_SDP_18KRAM_Awrite36depth512_Bread18_HD172
INFO: [VRFC 10-311] analyzing module blk_mem_gen_SDP_18KRAM_Awrite36depth512_Bread18_HD179
INFO: [VRFC 10-311] analyzing module blk_mem_gen_SDP_18KRAM_Awrite36depth512_Bread18_HD186
INFO: [VRFC 10-311] analyzing module blk_mem_gen_SDP_18KRAM_Awrite36depth512_Bread18_HD193
INFO: [VRFC 10-311] analyzing module blk_mem_gen_SDP_18KRAM_Awrite36depth512_Bread18_HD200
INFO: [VRFC 10-311] analyzing module blk_mem_gen_SDP_18KRAM_Awrite36depth512_Bread18_HD207
INFO: [VRFC 10-311] analyzing module blk_mem_gen_SDP_18KRAM_Awrite36depth512_Bread18_HD214
INFO: [VRFC 10-311] analyzing module blk_mem_gen_SDP_18KRAM_Awrite36depth512_Bread18_HD221
INFO: [VRFC 10-311] analyzing module blk_mem_gen_SDP_18KRAM_Awrite36depth512_Bread18_HD228
INFO: [VRFC 10-311] analyzing module blk_mem_gen_SDP_18KRAM_Awrite36depth512_Bread18_HD235
INFO: [VRFC 10-311] analyzing module blk_mem_gen_SDP_18KRAM_Awrite36depth512_Bread18_HD242
INFO: [VRFC 10-311] analyzing module blk_mem_gen_SDP_18KRAM_Awrite36depth512_Bread18_HD32
INFO: [VRFC 10-311] analyzing module blk_mem_gen_SDP_18KRAM_Awrite36depth512_Bread18_HD39
INFO: [VRFC 10-311] analyzing module blk_mem_gen_SDP_18KRAM_Awrite36depth512_Bread18_HD46
INFO: [VRFC 10-311] analyzing module blk_mem_gen_SDP_18KRAM_Awrite36depth512_Bread18_HD53
INFO: [VRFC 10-311] analyzing module blk_mem_gen_SDP_18KRAM_Awrite36depth512_Bread18_HD60
INFO: [VRFC 10-311] analyzing module blk_mem_gen_SDP_18KRAM_Awrite36depth512_Bread18_HD67
INFO: [VRFC 10-311] analyzing module blk_mem_gen_SDP_18KRAM_Awrite36depth512_Bread18_HD74
INFO: [VRFC 10-311] analyzing module blk_mem_gen_SDP_18KRAM_Awrite36depth512_Bread18_HD81
INFO: [VRFC 10-311] analyzing module blk_mem_gen_SDP_18KRAM_Awrite36depth512_Bread18_HD88
INFO: [VRFC 10-311] analyzing module blk_mem_gen_SDP_18KRAM_Awrite36depth512_Bread18_HD95
INFO: [VRFC 10-311] analyzing module blk_mem_gen_SDP_18KRAM_Awrite36depth512_Bread18_blk_mem_gen_generic_cstr
INFO: [VRFC 10-311] analyzing module blk_mem_gen_SDP_18KRAM_Awrite36depth512_Bread18_blk_mem_gen_generic_cstr_HD106
INFO: [VRFC 10-311] analyzing module blk_mem_gen_SDP_18KRAM_Awrite36depth512_Bread18_blk_mem_gen_generic_cstr_HD113
INFO: [VRFC 10-311] analyzing module blk_mem_gen_SDP_18KRAM_Awrite36depth512_Bread18_blk_mem_gen_generic_cstr_HD120
INFO: [VRFC 10-311] analyzing module blk_mem_gen_SDP_18KRAM_Awrite36depth512_Bread18_blk_mem_gen_generic_cstr_HD127
INFO: [VRFC 10-311] analyzing module blk_mem_gen_SDP_18KRAM_Awrite36depth512_Bread18_blk_mem_gen_generic_cstr_HD134
INFO: [VRFC 10-311] analyzing module blk_mem_gen_SDP_18KRAM_Awrite36depth512_Bread18_blk_mem_gen_generic_cstr_HD141
INFO: [VRFC 10-311] analyzing module blk_mem_gen_SDP_18KRAM_Awrite36depth512_Bread18_blk_mem_gen_generic_cstr_HD148
INFO: [VRFC 10-311] analyzing module blk_mem_gen_SDP_18KRAM_Awrite36depth512_Bread18_blk_mem_gen_generic_cstr_HD155
INFO: [VRFC 10-311] analyzing module blk_mem_gen_SDP_18KRAM_Awrite36depth512_Bread18_blk_mem_gen_generic_cstr_HD162
INFO: [VRFC 10-311] analyzing module blk_mem_gen_SDP_18KRAM_Awrite36depth512_Bread18_blk_mem_gen_generic_cstr_HD169
INFO: [VRFC 10-311] analyzing module blk_mem_gen_SDP_18KRAM_Awrite36depth512_Bread18_blk_mem_gen_generic_cstr_HD176
INFO: [VRFC 10-311] analyzing module blk_mem_gen_SDP_18KRAM_Awrite36depth512_Bread18_blk_mem_gen_generic_cstr_HD183
INFO: [VRFC 10-311] analyzing module blk_mem_gen_SDP_18KRAM_Awrite36depth512_Bread18_blk_mem_gen_generic_cstr_HD190
INFO: [VRFC 10-311] analyzing module blk_mem_gen_SDP_18KRAM_Awrite36depth512_Bread18_blk_mem_gen_generic_cstr_HD197
INFO: [VRFC 10-311] analyzing module blk_mem_gen_SDP_18KRAM_Awrite36depth512_Bread18_blk_mem_gen_generic_cstr_HD204
INFO: [VRFC 10-311] analyzing module blk_mem_gen_SDP_18KRAM_Awrite36depth512_Bread18_blk_mem_gen_generic_cstr_HD211
INFO: [VRFC 10-311] analyzing module blk_mem_gen_SDP_18KRAM_Awrite36depth512_Bread18_blk_mem_gen_generic_cstr_HD218
INFO: [VRFC 10-311] analyzing module blk_mem_gen_SDP_18KRAM_Awrite36depth512_Bread18_blk_mem_gen_generic_cstr_HD225
INFO: [VRFC 10-311] analyzing module blk_mem_gen_SDP_18KRAM_Awrite36depth512_Bread18_blk_mem_gen_generic_cstr_HD232
INFO: [VRFC 10-311] analyzing module blk_mem_gen_SDP_18KRAM_Awrite36depth512_Bread18_blk_mem_gen_generic_cstr_HD239
INFO: [VRFC 10-311] analyzing module blk_mem_gen_SDP_18KRAM_Awrite36depth512_Bread18_blk_mem_gen_generic_cstr_HD246
INFO: [VRFC 10-311] analyzing module blk_mem_gen_SDP_18KRAM_Awrite36depth512_Bread18_blk_mem_gen_generic_cstr_HD36
INFO: [VRFC 10-311] analyzing module blk_mem_gen_SDP_18KRAM_Awrite36depth512_Bread18_blk_mem_gen_generic_cstr_HD43
INFO: [VRFC 10-311] analyzing module blk_mem_gen_SDP_18KRAM_Awrite36depth512_Bread18_blk_mem_gen_generic_cstr_HD50
INFO: [VRFC 10-311] analyzing module blk_mem_gen_SDP_18KRAM_Awrite36depth512_Bread18_blk_mem_gen_generic_cstr_HD57
INFO: [VRFC 10-311] analyzing module blk_mem_gen_SDP_18KRAM_Awrite36depth512_Bread18_blk_mem_gen_generic_cstr_HD64
INFO: [VRFC 10-311] analyzing module blk_mem_gen_SDP_18KRAM_Awrite36depth512_Bread18_blk_mem_gen_generic_cstr_HD71
INFO: [VRFC 10-311] analyzing module blk_mem_gen_SDP_18KRAM_Awrite36depth512_Bread18_blk_mem_gen_generic_cstr_HD78
INFO: [VRFC 10-311] analyzing module blk_mem_gen_SDP_18KRAM_Awrite36depth512_Bread18_blk_mem_gen_generic_cstr_HD85
INFO: [VRFC 10-311] analyzing module blk_mem_gen_SDP_18KRAM_Awrite36depth512_Bread18_blk_mem_gen_generic_cstr_HD92
INFO: [VRFC 10-311] analyzing module blk_mem_gen_SDP_18KRAM_Awrite36depth512_Bread18_blk_mem_gen_generic_cstr_HD99
INFO: [VRFC 10-311] analyzing module blk_mem_gen_SDP_18KRAM_Awrite36depth512_Bread18_blk_mem_gen_prim_width
INFO: [VRFC 10-311] analyzing module blk_mem_gen_SDP_18KRAM_Awrite36depth512_Bread18_blk_mem_gen_prim_width_HD100
INFO: [VRFC 10-311] analyzing module blk_mem_gen_SDP_18KRAM_Awrite36depth512_Bread18_blk_mem_gen_prim_width_HD107
INFO: [VRFC 10-311] analyzing module blk_mem_gen_SDP_18KRAM_Awrite36depth512_Bread18_blk_mem_gen_prim_width_HD114
INFO: [VRFC 10-311] analyzing module blk_mem_gen_SDP_18KRAM_Awrite36depth512_Bread18_blk_mem_gen_prim_width_HD121
INFO: [VRFC 10-311] analyzing module blk_mem_gen_SDP_18KRAM_Awrite36depth512_Bread18_blk_mem_gen_prim_width_HD128
INFO: [VRFC 10-311] analyzing module blk_mem_gen_SDP_18KRAM_Awrite36depth512_Bread18_blk_mem_gen_prim_width_HD135
INFO: [VRFC 10-311] analyzing module blk_mem_gen_SDP_18KRAM_Awrite36depth512_Bread18_blk_mem_gen_prim_width_HD142
INFO: [VRFC 10-311] analyzing module blk_mem_gen_SDP_18KRAM_Awrite36depth512_Bread18_blk_mem_gen_prim_width_HD149
INFO: [VRFC 10-311] analyzing module blk_mem_gen_SDP_18KRAM_Awrite36depth512_Bread18_blk_mem_gen_prim_width_HD156
INFO: [VRFC 10-311] analyzing module blk_mem_gen_SDP_18KRAM_Awrite36depth512_Bread18_blk_mem_gen_prim_width_HD163
INFO: [VRFC 10-311] analyzing module blk_mem_gen_SDP_18KRAM_Awrite36depth512_Bread18_blk_mem_gen_prim_width_HD170
INFO: [VRFC 10-311] analyzing module blk_mem_gen_SDP_18KRAM_Awrite36depth512_Bread18_blk_mem_gen_prim_width_HD177
INFO: [VRFC 10-311] analyzing module blk_mem_gen_SDP_18KRAM_Awrite36depth512_Bread18_blk_mem_gen_prim_width_HD184
INFO: [VRFC 10-311] analyzing module blk_mem_gen_SDP_18KRAM_Awrite36depth512_Bread18_blk_mem_gen_prim_width_HD191
INFO: [VRFC 10-311] analyzing module blk_mem_gen_SDP_18KRAM_Awrite36depth512_Bread18_blk_mem_gen_prim_width_HD198
INFO: [VRFC 10-311] analyzing module blk_mem_gen_SDP_18KRAM_Awrite36depth512_Bread18_blk_mem_gen_prim_width_HD205
INFO: [VRFC 10-311] analyzing module blk_mem_gen_SDP_18KRAM_Awrite36depth512_Bread18_blk_mem_gen_prim_width_HD212
INFO: [VRFC 10-311] analyzing module blk_mem_gen_SDP_18KRAM_Awrite36depth512_Bread18_blk_mem_gen_prim_width_HD219
INFO: [VRFC 10-311] analyzing module blk_mem_gen_SDP_18KRAM_Awrite36depth512_Bread18_blk_mem_gen_prim_width_HD226
INFO: [VRFC 10-311] analyzing module blk_mem_gen_SDP_18KRAM_Awrite36depth512_Bread18_blk_mem_gen_prim_width_HD233
INFO: [VRFC 10-311] analyzing module blk_mem_gen_SDP_18KRAM_Awrite36depth512_Bread18_blk_mem_gen_prim_width_HD240
INFO: [VRFC 10-311] analyzing module blk_mem_gen_SDP_18KRAM_Awrite36depth512_Bread18_blk_mem_gen_prim_width_HD247
INFO: [VRFC 10-311] analyzing module blk_mem_gen_SDP_18KRAM_Awrite36depth512_Bread18_blk_mem_gen_prim_width_HD37
INFO: [VRFC 10-311] analyzing module blk_mem_gen_SDP_18KRAM_Awrite36depth512_Bread18_blk_mem_gen_prim_width_HD44
INFO: [VRFC 10-311] analyzing module blk_mem_gen_SDP_18KRAM_Awrite36depth512_Bread18_blk_mem_gen_prim_width_HD51
INFO: [VRFC 10-311] analyzing module blk_mem_gen_SDP_18KRAM_Awrite36depth512_Bread18_blk_mem_gen_prim_width_HD58
INFO: [VRFC 10-311] analyzing module blk_mem_gen_SDP_18KRAM_Awrite36depth512_Bread18_blk_mem_gen_prim_width_HD65
INFO: [VRFC 10-311] analyzing module blk_mem_gen_SDP_18KRAM_Awrite36depth512_Bread18_blk_mem_gen_prim_width_HD72
INFO: [VRFC 10-311] analyzing module blk_mem_gen_SDP_18KRAM_Awrite36depth512_Bread18_blk_mem_gen_prim_width_HD79
INFO: [VRFC 10-311] analyzing module blk_mem_gen_SDP_18KRAM_Awrite36depth512_Bread18_blk_mem_gen_prim_width_HD86
INFO: [VRFC 10-311] analyzing module blk_mem_gen_SDP_18KRAM_Awrite36depth512_Bread18_blk_mem_gen_prim_width_HD93
INFO: [VRFC 10-311] analyzing module blk_mem_gen_SDP_18KRAM_Awrite36depth512_Bread18_blk_mem_gen_prim_wrapper
INFO: [VRFC 10-311] analyzing module blk_mem_gen_SDP_18KRAM_Awrite36depth512_Bread18_blk_mem_gen_prim_wrapper_HD101
INFO: [VRFC 10-311] analyzing module blk_mem_gen_SDP_18KRAM_Awrite36depth512_Bread18_blk_mem_gen_prim_wrapper_HD108
INFO: [VRFC 10-311] analyzing module blk_mem_gen_SDP_18KRAM_Awrite36depth512_Bread18_blk_mem_gen_prim_wrapper_HD115
INFO: [VRFC 10-311] analyzing module blk_mem_gen_SDP_18KRAM_Awrite36depth512_Bread18_blk_mem_gen_prim_wrapper_HD122
INFO: [VRFC 10-311] analyzing module blk_mem_gen_SDP_18KRAM_Awrite36depth512_Bread18_blk_mem_gen_prim_wrapper_HD129
INFO: [VRFC 10-311] analyzing module blk_mem_gen_SDP_18KRAM_Awrite36depth512_Bread18_blk_mem_gen_prim_wrapper_HD136
INFO: [VRFC 10-311] analyzing module blk_mem_gen_SDP_18KRAM_Awrite36depth512_Bread18_blk_mem_gen_prim_wrapper_HD143
INFO: [VRFC 10-311] analyzing module blk_mem_gen_SDP_18KRAM_Awrite36depth512_Bread18_blk_mem_gen_prim_wrapper_HD150
INFO: [VRFC 10-311] analyzing module blk_mem_gen_SDP_18KRAM_Awrite36depth512_Bread18_blk_mem_gen_prim_wrapper_HD157
INFO: [VRFC 10-311] analyzing module blk_mem_gen_SDP_18KRAM_Awrite36depth512_Bread18_blk_mem_gen_prim_wrapper_HD164
INFO: [VRFC 10-311] analyzing module blk_mem_gen_SDP_18KRAM_Awrite36depth512_Bread18_blk_mem_gen_prim_wrapper_HD171
INFO: [VRFC 10-311] analyzing module blk_mem_gen_SDP_18KRAM_Awrite36depth512_Bread18_blk_mem_gen_prim_wrapper_HD178
INFO: [VRFC 10-311] analyzing module blk_mem_gen_SDP_18KRAM_Awrite36depth512_Bread18_blk_mem_gen_prim_wrapper_HD185
INFO: [VRFC 10-311] analyzing module blk_mem_gen_SDP_18KRAM_Awrite36depth512_Bread18_blk_mem_gen_prim_wrapper_HD192
INFO: [VRFC 10-311] analyzing module blk_mem_gen_SDP_18KRAM_Awrite36depth512_Bread18_blk_mem_gen_prim_wrapper_HD199
INFO: [VRFC 10-311] analyzing module blk_mem_gen_SDP_18KRAM_Awrite36depth512_Bread18_blk_mem_gen_prim_wrapper_HD206
INFO: [VRFC 10-311] analyzing module blk_mem_gen_SDP_18KRAM_Awrite36depth512_Bread18_blk_mem_gen_prim_wrapper_HD213
INFO: [VRFC 10-311] analyzing module blk_mem_gen_SDP_18KRAM_Awrite36depth512_Bread18_blk_mem_gen_prim_wrapper_HD220
INFO: [VRFC 10-311] analyzing module blk_mem_gen_SDP_18KRAM_Awrite36depth512_Bread18_blk_mem_gen_prim_wrapper_HD227
INFO: [VRFC 10-311] analyzing module blk_mem_gen_SDP_18KRAM_Awrite36depth512_Bread18_blk_mem_gen_prim_wrapper_HD234
INFO: [VRFC 10-311] analyzing module blk_mem_gen_SDP_18KRAM_Awrite36depth512_Bread18_blk_mem_gen_prim_wrapper_HD241
INFO: [VRFC 10-311] analyzing module blk_mem_gen_SDP_18KRAM_Awrite36depth512_Bread18_blk_mem_gen_prim_wrapper_HD248
INFO: [VRFC 10-311] analyzing module blk_mem_gen_SDP_18KRAM_Awrite36depth512_Bread18_blk_mem_gen_prim_wrapper_HD38
INFO: [VRFC 10-311] analyzing module blk_mem_gen_SDP_18KRAM_Awrite36depth512_Bread18_blk_mem_gen_prim_wrapper_HD45
INFO: [VRFC 10-311] analyzing module blk_mem_gen_SDP_18KRAM_Awrite36depth512_Bread18_blk_mem_gen_prim_wrapper_HD52
INFO: [VRFC 10-311] analyzing module blk_mem_gen_SDP_18KRAM_Awrite36depth512_Bread18_blk_mem_gen_prim_wrapper_HD59
INFO: [VRFC 10-311] analyzing module blk_mem_gen_SDP_18KRAM_Awrite36depth512_Bread18_blk_mem_gen_prim_wrapper_HD66
INFO: [VRFC 10-311] analyzing module blk_mem_gen_SDP_18KRAM_Awrite36depth512_Bread18_blk_mem_gen_prim_wrapper_HD73
INFO: [VRFC 10-311] analyzing module blk_mem_gen_SDP_18KRAM_Awrite36depth512_Bread18_blk_mem_gen_prim_wrapper_HD80
INFO: [VRFC 10-311] analyzing module blk_mem_gen_SDP_18KRAM_Awrite36depth512_Bread18_blk_mem_gen_prim_wrapper_HD87
INFO: [VRFC 10-311] analyzing module blk_mem_gen_SDP_18KRAM_Awrite36depth512_Bread18_blk_mem_gen_prim_wrapper_HD94
INFO: [VRFC 10-311] analyzing module blk_mem_gen_SDP_18KRAM_Awrite36depth512_Bread18_blk_mem_gen_top
INFO: [VRFC 10-311] analyzing module blk_mem_gen_SDP_18KRAM_Awrite36depth512_Bread18_blk_mem_gen_top_HD105
INFO: [VRFC 10-311] analyzing module blk_mem_gen_SDP_18KRAM_Awrite36depth512_Bread18_blk_mem_gen_top_HD112
INFO: [VRFC 10-311] analyzing module blk_mem_gen_SDP_18KRAM_Awrite36depth512_Bread18_blk_mem_gen_top_HD119
INFO: [VRFC 10-311] analyzing module blk_mem_gen_SDP_18KRAM_Awrite36depth512_Bread18_blk_mem_gen_top_HD126
INFO: [VRFC 10-311] analyzing module blk_mem_gen_SDP_18KRAM_Awrite36depth512_Bread18_blk_mem_gen_top_HD133
INFO: [VRFC 10-311] analyzing module blk_mem_gen_SDP_18KRAM_Awrite36depth512_Bread18_blk_mem_gen_top_HD140
INFO: [VRFC 10-311] analyzing module blk_mem_gen_SDP_18KRAM_Awrite36depth512_Bread18_blk_mem_gen_top_HD147
INFO: [VRFC 10-311] analyzing module blk_mem_gen_SDP_18KRAM_Awrite36depth512_Bread18_blk_mem_gen_top_HD154
INFO: [VRFC 10-311] analyzing module blk_mem_gen_SDP_18KRAM_Awrite36depth512_Bread18_blk_mem_gen_top_HD161
INFO: [VRFC 10-311] analyzing module blk_mem_gen_SDP_18KRAM_Awrite36depth512_Bread18_blk_mem_gen_top_HD168
INFO: [VRFC 10-311] analyzing module blk_mem_gen_SDP_18KRAM_Awrite36depth512_Bread18_blk_mem_gen_top_HD175
INFO: [VRFC 10-311] analyzing module blk_mem_gen_SDP_18KRAM_Awrite36depth512_Bread18_blk_mem_gen_top_HD182
INFO: [VRFC 10-311] analyzing module blk_mem_gen_SDP_18KRAM_Awrite36depth512_Bread18_blk_mem_gen_top_HD189
INFO: [VRFC 10-311] analyzing module blk_mem_gen_SDP_18KRAM_Awrite36depth512_Bread18_blk_mem_gen_top_HD196
INFO: [VRFC 10-311] analyzing module blk_mem_gen_SDP_18KRAM_Awrite36depth512_Bread18_blk_mem_gen_top_HD203
INFO: [VRFC 10-311] analyzing module blk_mem_gen_SDP_18KRAM_Awrite36depth512_Bread18_blk_mem_gen_top_HD210
INFO: [VRFC 10-311] analyzing module blk_mem_gen_SDP_18KRAM_Awrite36depth512_Bread18_blk_mem_gen_top_HD217
INFO: [VRFC 10-311] analyzing module blk_mem_gen_SDP_18KRAM_Awrite36depth512_Bread18_blk_mem_gen_top_HD224
INFO: [VRFC 10-311] analyzing module blk_mem_gen_SDP_18KRAM_Awrite36depth512_Bread18_blk_mem_gen_top_HD231
INFO: [VRFC 10-311] analyzing module blk_mem_gen_SDP_18KRAM_Awrite36depth512_Bread18_blk_mem_gen_top_HD238
INFO: [VRFC 10-311] analyzing module blk_mem_gen_SDP_18KRAM_Awrite36depth512_Bread18_blk_mem_gen_top_HD245
INFO: [VRFC 10-311] analyzing module blk_mem_gen_SDP_18KRAM_Awrite36depth512_Bread18_blk_mem_gen_top_HD35
INFO: [VRFC 10-311] analyzing module blk_mem_gen_SDP_18KRAM_Awrite36depth512_Bread18_blk_mem_gen_top_HD42
INFO: [VRFC 10-311] analyzing module blk_mem_gen_SDP_18KRAM_Awrite36depth512_Bread18_blk_mem_gen_top_HD49
INFO: [VRFC 10-311] analyzing module blk_mem_gen_SDP_18KRAM_Awrite36depth512_Bread18_blk_mem_gen_top_HD56
INFO: [VRFC 10-311] analyzing module blk_mem_gen_SDP_18KRAM_Awrite36depth512_Bread18_blk_mem_gen_top_HD63
INFO: [VRFC 10-311] analyzing module blk_mem_gen_SDP_18KRAM_Awrite36depth512_Bread18_blk_mem_gen_top_HD70
INFO: [VRFC 10-311] analyzing module blk_mem_gen_SDP_18KRAM_Awrite36depth512_Bread18_blk_mem_gen_top_HD77
INFO: [VRFC 10-311] analyzing module blk_mem_gen_SDP_18KRAM_Awrite36depth512_Bread18_blk_mem_gen_top_HD84
INFO: [VRFC 10-311] analyzing module blk_mem_gen_SDP_18KRAM_Awrite36depth512_Bread18_blk_mem_gen_top_HD91
INFO: [VRFC 10-311] analyzing module blk_mem_gen_SDP_18KRAM_Awrite36depth512_Bread18_blk_mem_gen_top_HD98
INFO: [VRFC 10-311] analyzing module blk_mem_gen_SDP_18KRAM_Awrite36depth512_Bread18_blk_mem_gen_v8_3_0
INFO: [VRFC 10-311] analyzing module blk_mem_gen_SDP_18KRAM_Awrite36depth512_Bread18_blk_mem_gen_v8_3_0_HD103
INFO: [VRFC 10-311] analyzing module blk_mem_gen_SDP_18KRAM_Awrite36depth512_Bread18_blk_mem_gen_v8_3_0_HD110
INFO: [VRFC 10-311] analyzing module blk_mem_gen_SDP_18KRAM_Awrite36depth512_Bread18_blk_mem_gen_v8_3_0_HD117
INFO: [VRFC 10-311] analyzing module blk_mem_gen_SDP_18KRAM_Awrite36depth512_Bread18_blk_mem_gen_v8_3_0_HD124
INFO: [VRFC 10-311] analyzing module blk_mem_gen_SDP_18KRAM_Awrite36depth512_Bread18_blk_mem_gen_v8_3_0_HD131
INFO: [VRFC 10-311] analyzing module blk_mem_gen_SDP_18KRAM_Awrite36depth512_Bread18_blk_mem_gen_v8_3_0_HD138
INFO: [VRFC 10-311] analyzing module blk_mem_gen_SDP_18KRAM_Awrite36depth512_Bread18_blk_mem_gen_v8_3_0_HD145
INFO: [VRFC 10-311] analyzing module blk_mem_gen_SDP_18KRAM_Awrite36depth512_Bread18_blk_mem_gen_v8_3_0_HD152
INFO: [VRFC 10-311] analyzing module blk_mem_gen_SDP_18KRAM_Awrite36depth512_Bread18_blk_mem_gen_v8_3_0_HD159
INFO: [VRFC 10-311] analyzing module blk_mem_gen_SDP_18KRAM_Awrite36depth512_Bread18_blk_mem_gen_v8_3_0_HD166
INFO: [VRFC 10-311] analyzing module blk_mem_gen_SDP_18KRAM_Awrite36depth512_Bread18_blk_mem_gen_v8_3_0_HD173
INFO: [VRFC 10-311] analyzing module blk_mem_gen_SDP_18KRAM_Awrite36depth512_Bread18_blk_mem_gen_v8_3_0_HD180
INFO: [VRFC 10-311] analyzing module blk_mem_gen_SDP_18KRAM_Awrite36depth512_Bread18_blk_mem_gen_v8_3_0_HD187
INFO: [VRFC 10-311] analyzing module blk_mem_gen_SDP_18KRAM_Awrite36depth512_Bread18_blk_mem_gen_v8_3_0_HD194
INFO: [VRFC 10-311] analyzing module blk_mem_gen_SDP_18KRAM_Awrite36depth512_Bread18_blk_mem_gen_v8_3_0_HD201
INFO: [VRFC 10-311] analyzing module blk_mem_gen_SDP_18KRAM_Awrite36depth512_Bread18_blk_mem_gen_v8_3_0_HD208
INFO: [VRFC 10-311] analyzing module blk_mem_gen_SDP_18KRAM_Awrite36depth512_Bread18_blk_mem_gen_v8_3_0_HD215
INFO: [VRFC 10-311] analyzing module blk_mem_gen_SDP_18KRAM_Awrite36depth512_Bread18_blk_mem_gen_v8_3_0_HD222
INFO: [VRFC 10-311] analyzing module blk_mem_gen_SDP_18KRAM_Awrite36depth512_Bread18_blk_mem_gen_v8_3_0_HD229
INFO: [VRFC 10-311] analyzing module blk_mem_gen_SDP_18KRAM_Awrite36depth512_Bread18_blk_mem_gen_v8_3_0_HD236
INFO: [VRFC 10-311] analyzing module blk_mem_gen_SDP_18KRAM_Awrite36depth512_Bread18_blk_mem_gen_v8_3_0_HD243
INFO: [VRFC 10-311] analyzing module blk_mem_gen_SDP_18KRAM_Awrite36depth512_Bread18_blk_mem_gen_v8_3_0_HD33
INFO: [VRFC 10-311] analyzing module blk_mem_gen_SDP_18KRAM_Awrite36depth512_Bread18_blk_mem_gen_v8_3_0_HD40
INFO: [VRFC 10-311] analyzing module blk_mem_gen_SDP_18KRAM_Awrite36depth512_Bread18_blk_mem_gen_v8_3_0_HD47
INFO: [VRFC 10-311] analyzing module blk_mem_gen_SDP_18KRAM_Awrite36depth512_Bread18_blk_mem_gen_v8_3_0_HD54
INFO: [VRFC 10-311] analyzing module blk_mem_gen_SDP_18KRAM_Awrite36depth512_Bread18_blk_mem_gen_v8_3_0_HD61
INFO: [VRFC 10-311] analyzing module blk_mem_gen_SDP_18KRAM_Awrite36depth512_Bread18_blk_mem_gen_v8_3_0_HD68
INFO: [VRFC 10-311] analyzing module blk_mem_gen_SDP_18KRAM_Awrite36depth512_Bread18_blk_mem_gen_v8_3_0_HD75
INFO: [VRFC 10-311] analyzing module blk_mem_gen_SDP_18KRAM_Awrite36depth512_Bread18_blk_mem_gen_v8_3_0_HD82
INFO: [VRFC 10-311] analyzing module blk_mem_gen_SDP_18KRAM_Awrite36depth512_Bread18_blk_mem_gen_v8_3_0_HD89
INFO: [VRFC 10-311] analyzing module blk_mem_gen_SDP_18KRAM_Awrite36depth512_Bread18_blk_mem_gen_v8_3_0_HD96
INFO: [VRFC 10-311] analyzing module blk_mem_gen_SDP_18KRAM_Awrite36depth512_Bread18_blk_mem_gen_v8_3_0_synth
INFO: [VRFC 10-311] analyzing module blk_mem_gen_SDP_18KRAM_Awrite36depth512_Bread18_blk_mem_gen_v8_3_0_synth_HD104
INFO: [VRFC 10-311] analyzing module blk_mem_gen_SDP_18KRAM_Awrite36depth512_Bread18_blk_mem_gen_v8_3_0_synth_HD111
INFO: [VRFC 10-311] analyzing module blk_mem_gen_SDP_18KRAM_Awrite36depth512_Bread18_blk_mem_gen_v8_3_0_synth_HD118
INFO: [VRFC 10-311] analyzing module blk_mem_gen_SDP_18KRAM_Awrite36depth512_Bread18_blk_mem_gen_v8_3_0_synth_HD125
INFO: [VRFC 10-311] analyzing module blk_mem_gen_SDP_18KRAM_Awrite36depth512_Bread18_blk_mem_gen_v8_3_0_synth_HD132
INFO: [VRFC 10-311] analyzing module blk_mem_gen_SDP_18KRAM_Awrite36depth512_Bread18_blk_mem_gen_v8_3_0_synth_HD139
INFO: [VRFC 10-311] analyzing module blk_mem_gen_SDP_18KRAM_Awrite36depth512_Bread18_blk_mem_gen_v8_3_0_synth_HD146
INFO: [VRFC 10-311] analyzing module blk_mem_gen_SDP_18KRAM_Awrite36depth512_Bread18_blk_mem_gen_v8_3_0_synth_HD153
INFO: [VRFC 10-311] analyzing module blk_mem_gen_SDP_18KRAM_Awrite36depth512_Bread18_blk_mem_gen_v8_3_0_synth_HD160
INFO: [VRFC 10-311] analyzing module blk_mem_gen_SDP_18KRAM_Awrite36depth512_Bread18_blk_mem_gen_v8_3_0_synth_HD167
INFO: [VRFC 10-311] analyzing module blk_mem_gen_SDP_18KRAM_Awrite36depth512_Bread18_blk_mem_gen_v8_3_0_synth_HD174
INFO: [VRFC 10-311] analyzing module blk_mem_gen_SDP_18KRAM_Awrite36depth512_Bread18_blk_mem_gen_v8_3_0_synth_HD181
INFO: [VRFC 10-311] analyzing module blk_mem_gen_SDP_18KRAM_Awrite36depth512_Bread18_blk_mem_gen_v8_3_0_synth_HD188
INFO: [VRFC 10-311] analyzing module blk_mem_gen_SDP_18KRAM_Awrite36depth512_Bread18_blk_mem_gen_v8_3_0_synth_HD195
INFO: [VRFC 10-311] analyzing module blk_mem_gen_SDP_18KRAM_Awrite36depth512_Bread18_blk_mem_gen_v8_3_0_synth_HD202
INFO: [VRFC 10-311] analyzing module blk_mem_gen_SDP_18KRAM_Awrite36depth512_Bread18_blk_mem_gen_v8_3_0_synth_HD209
INFO: [VRFC 10-311] analyzing module blk_mem_gen_SDP_18KRAM_Awrite36depth512_Bread18_blk_mem_gen_v8_3_0_synth_HD216
INFO: [VRFC 10-311] analyzing module blk_mem_gen_SDP_18KRAM_Awrite36depth512_Bread18_blk_mem_gen_v8_3_0_synth_HD223
INFO: [VRFC 10-311] analyzing module blk_mem_gen_SDP_18KRAM_Awrite36depth512_Bread18_blk_mem_gen_v8_3_0_synth_HD230
INFO: [VRFC 10-311] analyzing module blk_mem_gen_SDP_18KRAM_Awrite36depth512_Bread18_blk_mem_gen_v8_3_0_synth_HD237
INFO: [VRFC 10-311] analyzing module blk_mem_gen_SDP_18KRAM_Awrite36depth512_Bread18_blk_mem_gen_v8_3_0_synth_HD244
INFO: [VRFC 10-311] analyzing module blk_mem_gen_SDP_18KRAM_Awrite36depth512_Bread18_blk_mem_gen_v8_3_0_synth_HD34
INFO: [VRFC 10-311] analyzing module blk_mem_gen_SDP_18KRAM_Awrite36depth512_Bread18_blk_mem_gen_v8_3_0_synth_HD41
INFO: [VRFC 10-311] analyzing module blk_mem_gen_SDP_18KRAM_Awrite36depth512_Bread18_blk_mem_gen_v8_3_0_synth_HD48
INFO: [VRFC 10-311] analyzing module blk_mem_gen_SDP_18KRAM_Awrite36depth512_Bread18_blk_mem_gen_v8_3_0_synth_HD55
INFO: [VRFC 10-311] analyzing module blk_mem_gen_SDP_18KRAM_Awrite36depth512_Bread18_blk_mem_gen_v8_3_0_synth_HD62
INFO: [VRFC 10-311] analyzing module blk_mem_gen_SDP_18KRAM_Awrite36depth512_Bread18_blk_mem_gen_v8_3_0_synth_HD69
INFO: [VRFC 10-311] analyzing module blk_mem_gen_SDP_18KRAM_Awrite36depth512_Bread18_blk_mem_gen_v8_3_0_synth_HD76
INFO: [VRFC 10-311] analyzing module blk_mem_gen_SDP_18KRAM_Awrite36depth512_Bread18_blk_mem_gen_v8_3_0_synth_HD83
INFO: [VRFC 10-311] analyzing module blk_mem_gen_SDP_18KRAM_Awrite36depth512_Bread18_blk_mem_gen_v8_3_0_synth_HD90
INFO: [VRFC 10-311] analyzing module blk_mem_gen_SDP_18KRAM_Awrite36depth512_Bread18_blk_mem_gen_v8_3_0_synth_HD97
INFO: [VRFC 10-311] analyzing module blk_mem_gen_SDP_Awrite144depth256_Bread144
INFO: [VRFC 10-311] analyzing module blk_mem_gen_SDP_Awrite144depth256_Bread144_blk_mem_gen_generic_cstr
INFO: [VRFC 10-311] analyzing module blk_mem_gen_SDP_Awrite144depth256_Bread144_blk_mem_gen_prim_width
INFO: [VRFC 10-311] analyzing module blk_mem_gen_SDP_Awrite144depth256_Bread144_blk_mem_gen_prim_width__parameterized0
INFO: [VRFC 10-311] analyzing module blk_mem_gen_SDP_Awrite144depth256_Bread144_blk_mem_gen_prim_wrapper
INFO: [VRFC 10-311] analyzing module blk_mem_gen_SDP_Awrite144depth256_Bread144_blk_mem_gen_prim_wrapper__parameterized0
INFO: [VRFC 10-311] analyzing module blk_mem_gen_SDP_Awrite144depth256_Bread144_blk_mem_gen_top
INFO: [VRFC 10-311] analyzing module blk_mem_gen_SDP_Awrite144depth256_Bread144_blk_mem_gen_v8_3_0
INFO: [VRFC 10-311] analyzing module blk_mem_gen_SDP_Awrite144depth256_Bread144_blk_mem_gen_v8_3_0_synth
INFO: [VRFC 10-311] analyzing module blk_mem_gen_TDP_Awrite288read288depth16384_BsimilarToA_128BRAM
INFO: [VRFC 10-311] analyzing module blk_mem_gen_TDP_Awrite288read288depth16384_BsimilarToA_128BRAM_bindec
INFO: [VRFC 10-311] analyzing module blk_mem_gen_TDP_Awrite288read288depth16384_BsimilarToA_128BRAM_bindec_0
INFO: [VRFC 10-311] analyzing module blk_mem_gen_TDP_Awrite288read288depth16384_BsimilarToA_128BRAM_blk_mem_gen_generic_cstr
INFO: [VRFC 10-311] analyzing module blk_mem_gen_TDP_Awrite288read288depth16384_BsimilarToA_128BRAM_blk_mem_gen_mux__parameterized0
INFO: [VRFC 10-311] analyzing module blk_mem_gen_TDP_Awrite288read288depth16384_BsimilarToA_128BRAM_blk_mem_gen_prim_width
INFO: [VRFC 10-311] analyzing module blk_mem_gen_TDP_Awrite288read288depth16384_BsimilarToA_128BRAM_blk_mem_gen_prim_width__parameterized0
INFO: [VRFC 10-311] analyzing module blk_mem_gen_TDP_Awrite288read288depth16384_BsimilarToA_128BRAM_blk_mem_gen_prim_width__parameterized1
INFO: [VRFC 10-311] analyzing module blk_mem_gen_TDP_Awrite288read288depth16384_BsimilarToA_128BRAM_blk_mem_gen_prim_width__parameterized10
INFO: [VRFC 10-311] analyzing module blk_mem_gen_TDP_Awrite288read288depth16384_BsimilarToA_128BRAM_blk_mem_gen_prim_width__parameterized100
INFO: [VRFC 10-311] analyzing module blk_mem_gen_TDP_Awrite288read288depth16384_BsimilarToA_128BRAM_blk_mem_gen_prim_width__parameterized101
INFO: [VRFC 10-311] analyzing module blk_mem_gen_TDP_Awrite288read288depth16384_BsimilarToA_128BRAM_blk_mem_gen_prim_width__parameterized102
INFO: [VRFC 10-311] analyzing module blk_mem_gen_TDP_Awrite288read288depth16384_BsimilarToA_128BRAM_blk_mem_gen_prim_width__parameterized103
INFO: [VRFC 10-311] analyzing module blk_mem_gen_TDP_Awrite288read288depth16384_BsimilarToA_128BRAM_blk_mem_gen_prim_width__parameterized104
INFO: [VRFC 10-311] analyzing module blk_mem_gen_TDP_Awrite288read288depth16384_BsimilarToA_128BRAM_blk_mem_gen_prim_width__parameterized105
INFO: [VRFC 10-311] analyzing module blk_mem_gen_TDP_Awrite288read288depth16384_BsimilarToA_128BRAM_blk_mem_gen_prim_width__parameterized106
INFO: [VRFC 10-311] analyzing module blk_mem_gen_TDP_Awrite288read288depth16384_BsimilarToA_128BRAM_blk_mem_gen_prim_width__parameterized107
INFO: [VRFC 10-311] analyzing module blk_mem_gen_TDP_Awrite288read288depth16384_BsimilarToA_128BRAM_blk_mem_gen_prim_width__parameterized108
INFO: [VRFC 10-311] analyzing module blk_mem_gen_TDP_Awrite288read288depth16384_BsimilarToA_128BRAM_blk_mem_gen_prim_width__parameterized109
INFO: [VRFC 10-311] analyzing module blk_mem_gen_TDP_Awrite288read288depth16384_BsimilarToA_128BRAM_blk_mem_gen_prim_width__parameterized11
INFO: [VRFC 10-311] analyzing module blk_mem_gen_TDP_Awrite288read288depth16384_BsimilarToA_128BRAM_blk_mem_gen_prim_width__parameterized110
INFO: [VRFC 10-311] analyzing module blk_mem_gen_TDP_Awrite288read288depth16384_BsimilarToA_128BRAM_blk_mem_gen_prim_width__parameterized111
INFO: [VRFC 10-311] analyzing module blk_mem_gen_TDP_Awrite288read288depth16384_BsimilarToA_128BRAM_blk_mem_gen_prim_width__parameterized112
INFO: [VRFC 10-311] analyzing module blk_mem_gen_TDP_Awrite288read288depth16384_BsimilarToA_128BRAM_blk_mem_gen_prim_width__parameterized113
INFO: [VRFC 10-311] analyzing module blk_mem_gen_TDP_Awrite288read288depth16384_BsimilarToA_128BRAM_blk_mem_gen_prim_width__parameterized114
INFO: [VRFC 10-311] analyzing module blk_mem_gen_TDP_Awrite288read288depth16384_BsimilarToA_128BRAM_blk_mem_gen_prim_width__parameterized115
INFO: [VRFC 10-311] analyzing module blk_mem_gen_TDP_Awrite288read288depth16384_BsimilarToA_128BRAM_blk_mem_gen_prim_width__parameterized116
INFO: [VRFC 10-311] analyzing module blk_mem_gen_TDP_Awrite288read288depth16384_BsimilarToA_128BRAM_blk_mem_gen_prim_width__parameterized117
INFO: [VRFC 10-311] analyzing module blk_mem_gen_TDP_Awrite288read288depth16384_BsimilarToA_128BRAM_blk_mem_gen_prim_width__parameterized118
INFO: [VRFC 10-311] analyzing module blk_mem_gen_TDP_Awrite288read288depth16384_BsimilarToA_128BRAM_blk_mem_gen_prim_width__parameterized119
INFO: [VRFC 10-311] analyzing module blk_mem_gen_TDP_Awrite288read288depth16384_BsimilarToA_128BRAM_blk_mem_gen_prim_width__parameterized12
INFO: [VRFC 10-311] analyzing module blk_mem_gen_TDP_Awrite288read288depth16384_BsimilarToA_128BRAM_blk_mem_gen_prim_width__parameterized120
INFO: [VRFC 10-311] analyzing module blk_mem_gen_TDP_Awrite288read288depth16384_BsimilarToA_128BRAM_blk_mem_gen_prim_width__parameterized121
INFO: [VRFC 10-311] analyzing module blk_mem_gen_TDP_Awrite288read288depth16384_BsimilarToA_128BRAM_blk_mem_gen_prim_width__parameterized122
INFO: [VRFC 10-311] analyzing module blk_mem_gen_TDP_Awrite288read288depth16384_BsimilarToA_128BRAM_blk_mem_gen_prim_width__parameterized123
INFO: [VRFC 10-311] analyzing module blk_mem_gen_TDP_Awrite288read288depth16384_BsimilarToA_128BRAM_blk_mem_gen_prim_width__parameterized124
INFO: [VRFC 10-311] analyzing module blk_mem_gen_TDP_Awrite288read288depth16384_BsimilarToA_128BRAM_blk_mem_gen_prim_width__parameterized125
INFO: [VRFC 10-311] analyzing module blk_mem_gen_TDP_Awrite288read288depth16384_BsimilarToA_128BRAM_blk_mem_gen_prim_width__parameterized126
INFO: [VRFC 10-311] analyzing module blk_mem_gen_TDP_Awrite288read288depth16384_BsimilarToA_128BRAM_blk_mem_gen_prim_width__parameterized13
INFO: [VRFC 10-311] analyzing module blk_mem_gen_TDP_Awrite288read288depth16384_BsimilarToA_128BRAM_blk_mem_gen_prim_width__parameterized14
INFO: [VRFC 10-311] analyzing module blk_mem_gen_TDP_Awrite288read288depth16384_BsimilarToA_128BRAM_blk_mem_gen_prim_width__parameterized15
INFO: [VRFC 10-311] analyzing module blk_mem_gen_TDP_Awrite288read288depth16384_BsimilarToA_128BRAM_blk_mem_gen_prim_width__parameterized16
INFO: [VRFC 10-311] analyzing module blk_mem_gen_TDP_Awrite288read288depth16384_BsimilarToA_128BRAM_blk_mem_gen_prim_width__parameterized17
INFO: [VRFC 10-311] analyzing module blk_mem_gen_TDP_Awrite288read288depth16384_BsimilarToA_128BRAM_blk_mem_gen_prim_width__parameterized18
INFO: [VRFC 10-311] analyzing module blk_mem_gen_TDP_Awrite288read288depth16384_BsimilarToA_128BRAM_blk_mem_gen_prim_width__parameterized19
INFO: [VRFC 10-311] analyzing module blk_mem_gen_TDP_Awrite288read288depth16384_BsimilarToA_128BRAM_blk_mem_gen_prim_width__parameterized2
INFO: [VRFC 10-311] analyzing module blk_mem_gen_TDP_Awrite288read288depth16384_BsimilarToA_128BRAM_blk_mem_gen_prim_width__parameterized20
INFO: [VRFC 10-311] analyzing module blk_mem_gen_TDP_Awrite288read288depth16384_BsimilarToA_128BRAM_blk_mem_gen_prim_width__parameterized21
INFO: [VRFC 10-311] analyzing module blk_mem_gen_TDP_Awrite288read288depth16384_BsimilarToA_128BRAM_blk_mem_gen_prim_width__parameterized22
INFO: [VRFC 10-311] analyzing module blk_mem_gen_TDP_Awrite288read288depth16384_BsimilarToA_128BRAM_blk_mem_gen_prim_width__parameterized23
INFO: [VRFC 10-311] analyzing module blk_mem_gen_TDP_Awrite288read288depth16384_BsimilarToA_128BRAM_blk_mem_gen_prim_width__parameterized24
INFO: [VRFC 10-311] analyzing module blk_mem_gen_TDP_Awrite288read288depth16384_BsimilarToA_128BRAM_blk_mem_gen_prim_width__parameterized25
INFO: [VRFC 10-311] analyzing module blk_mem_gen_TDP_Awrite288read288depth16384_BsimilarToA_128BRAM_blk_mem_gen_prim_width__parameterized26
INFO: [VRFC 10-311] analyzing module blk_mem_gen_TDP_Awrite288read288depth16384_BsimilarToA_128BRAM_blk_mem_gen_prim_width__parameterized27
INFO: [VRFC 10-311] analyzing module blk_mem_gen_TDP_Awrite288read288depth16384_BsimilarToA_128BRAM_blk_mem_gen_prim_width__parameterized28
INFO: [VRFC 10-311] analyzing module blk_mem_gen_TDP_Awrite288read288depth16384_BsimilarToA_128BRAM_blk_mem_gen_prim_width__parameterized29
INFO: [VRFC 10-311] analyzing module blk_mem_gen_TDP_Awrite288read288depth16384_BsimilarToA_128BRAM_blk_mem_gen_prim_width__parameterized3
INFO: [VRFC 10-311] analyzing module blk_mem_gen_TDP_Awrite288read288depth16384_BsimilarToA_128BRAM_blk_mem_gen_prim_width__parameterized30
INFO: [VRFC 10-311] analyzing module blk_mem_gen_TDP_Awrite288read288depth16384_BsimilarToA_128BRAM_blk_mem_gen_prim_width__parameterized31
INFO: [VRFC 10-311] analyzing module blk_mem_gen_TDP_Awrite288read288depth16384_BsimilarToA_128BRAM_blk_mem_gen_prim_width__parameterized32
INFO: [VRFC 10-311] analyzing module blk_mem_gen_TDP_Awrite288read288depth16384_BsimilarToA_128BRAM_blk_mem_gen_prim_width__parameterized33
INFO: [VRFC 10-311] analyzing module blk_mem_gen_TDP_Awrite288read288depth16384_BsimilarToA_128BRAM_blk_mem_gen_prim_width__parameterized34
INFO: [VRFC 10-311] analyzing module blk_mem_gen_TDP_Awrite288read288depth16384_BsimilarToA_128BRAM_blk_mem_gen_prim_width__parameterized35
INFO: [VRFC 10-311] analyzing module blk_mem_gen_TDP_Awrite288read288depth16384_BsimilarToA_128BRAM_blk_mem_gen_prim_width__parameterized36
INFO: [VRFC 10-311] analyzing module blk_mem_gen_TDP_Awrite288read288depth16384_BsimilarToA_128BRAM_blk_mem_gen_prim_width__parameterized37
INFO: [VRFC 10-311] analyzing module blk_mem_gen_TDP_Awrite288read288depth16384_BsimilarToA_128BRAM_blk_mem_gen_prim_width__parameterized38
INFO: [VRFC 10-311] analyzing module blk_mem_gen_TDP_Awrite288read288depth16384_BsimilarToA_128BRAM_blk_mem_gen_prim_width__parameterized39
INFO: [VRFC 10-311] analyzing module blk_mem_gen_TDP_Awrite288read288depth16384_BsimilarToA_128BRAM_blk_mem_gen_prim_width__parameterized4
INFO: [VRFC 10-311] analyzing module blk_mem_gen_TDP_Awrite288read288depth16384_BsimilarToA_128BRAM_blk_mem_gen_prim_width__parameterized40
INFO: [VRFC 10-311] analyzing module blk_mem_gen_TDP_Awrite288read288depth16384_BsimilarToA_128BRAM_blk_mem_gen_prim_width__parameterized41
INFO: [VRFC 10-311] analyzing module blk_mem_gen_TDP_Awrite288read288depth16384_BsimilarToA_128BRAM_blk_mem_gen_prim_width__parameterized42
INFO: [VRFC 10-311] analyzing module blk_mem_gen_TDP_Awrite288read288depth16384_BsimilarToA_128BRAM_blk_mem_gen_prim_width__parameterized43
INFO: [VRFC 10-311] analyzing module blk_mem_gen_TDP_Awrite288read288depth16384_BsimilarToA_128BRAM_blk_mem_gen_prim_width__parameterized44
INFO: [VRFC 10-311] analyzing module blk_mem_gen_TDP_Awrite288read288depth16384_BsimilarToA_128BRAM_blk_mem_gen_prim_width__parameterized45
INFO: [VRFC 10-311] analyzing module blk_mem_gen_TDP_Awrite288read288depth16384_BsimilarToA_128BRAM_blk_mem_gen_prim_width__parameterized46
INFO: [VRFC 10-311] analyzing module blk_mem_gen_TDP_Awrite288read288depth16384_BsimilarToA_128BRAM_blk_mem_gen_prim_width__parameterized47
INFO: [VRFC 10-311] analyzing module blk_mem_gen_TDP_Awrite288read288depth16384_BsimilarToA_128BRAM_blk_mem_gen_prim_width__parameterized48
INFO: [VRFC 10-311] analyzing module blk_mem_gen_TDP_Awrite288read288depth16384_BsimilarToA_128BRAM_blk_mem_gen_prim_width__parameterized49
INFO: [VRFC 10-311] analyzing module blk_mem_gen_TDP_Awrite288read288depth16384_BsimilarToA_128BRAM_blk_mem_gen_prim_width__parameterized5
INFO: [VRFC 10-311] analyzing module blk_mem_gen_TDP_Awrite288read288depth16384_BsimilarToA_128BRAM_blk_mem_gen_prim_width__parameterized50
INFO: [VRFC 10-311] analyzing module blk_mem_gen_TDP_Awrite288read288depth16384_BsimilarToA_128BRAM_blk_mem_gen_prim_width__parameterized51
INFO: [VRFC 10-311] analyzing module blk_mem_gen_TDP_Awrite288read288depth16384_BsimilarToA_128BRAM_blk_mem_gen_prim_width__parameterized52
INFO: [VRFC 10-311] analyzing module blk_mem_gen_TDP_Awrite288read288depth16384_BsimilarToA_128BRAM_blk_mem_gen_prim_width__parameterized53
INFO: [VRFC 10-311] analyzing module blk_mem_gen_TDP_Awrite288read288depth16384_BsimilarToA_128BRAM_blk_mem_gen_prim_width__parameterized54
INFO: [VRFC 10-311] analyzing module blk_mem_gen_TDP_Awrite288read288depth16384_BsimilarToA_128BRAM_blk_mem_gen_prim_width__parameterized55
INFO: [VRFC 10-311] analyzing module blk_mem_gen_TDP_Awrite288read288depth16384_BsimilarToA_128BRAM_blk_mem_gen_prim_width__parameterized56
INFO: [VRFC 10-311] analyzing module blk_mem_gen_TDP_Awrite288read288depth16384_BsimilarToA_128BRAM_blk_mem_gen_prim_width__parameterized57
INFO: [VRFC 10-311] analyzing module blk_mem_gen_TDP_Awrite288read288depth16384_BsimilarToA_128BRAM_blk_mem_gen_prim_width__parameterized58
INFO: [VRFC 10-311] analyzing module blk_mem_gen_TDP_Awrite288read288depth16384_BsimilarToA_128BRAM_blk_mem_gen_prim_width__parameterized59
INFO: [VRFC 10-311] analyzing module blk_mem_gen_TDP_Awrite288read288depth16384_BsimilarToA_128BRAM_blk_mem_gen_prim_width__parameterized6
INFO: [VRFC 10-311] analyzing module blk_mem_gen_TDP_Awrite288read288depth16384_BsimilarToA_128BRAM_blk_mem_gen_prim_width__parameterized60
INFO: [VRFC 10-311] analyzing module blk_mem_gen_TDP_Awrite288read288depth16384_BsimilarToA_128BRAM_blk_mem_gen_prim_width__parameterized61
INFO: [VRFC 10-311] analyzing module blk_mem_gen_TDP_Awrite288read288depth16384_BsimilarToA_128BRAM_blk_mem_gen_prim_width__parameterized62
INFO: [VRFC 10-311] analyzing module blk_mem_gen_TDP_Awrite288read288depth16384_BsimilarToA_128BRAM_blk_mem_gen_prim_width__parameterized63
INFO: [VRFC 10-311] analyzing module blk_mem_gen_TDP_Awrite288read288depth16384_BsimilarToA_128BRAM_blk_mem_gen_prim_width__parameterized64
INFO: [VRFC 10-311] analyzing module blk_mem_gen_TDP_Awrite288read288depth16384_BsimilarToA_128BRAM_blk_mem_gen_prim_width__parameterized65
INFO: [VRFC 10-311] analyzing module blk_mem_gen_TDP_Awrite288read288depth16384_BsimilarToA_128BRAM_blk_mem_gen_prim_width__parameterized66
INFO: [VRFC 10-311] analyzing module blk_mem_gen_TDP_Awrite288read288depth16384_BsimilarToA_128BRAM_blk_mem_gen_prim_width__parameterized67
INFO: [VRFC 10-311] analyzing module blk_mem_gen_TDP_Awrite288read288depth16384_BsimilarToA_128BRAM_blk_mem_gen_prim_width__parameterized68
INFO: [VRFC 10-311] analyzing module blk_mem_gen_TDP_Awrite288read288depth16384_BsimilarToA_128BRAM_blk_mem_gen_prim_width__parameterized69
INFO: [VRFC 10-311] analyzing module blk_mem_gen_TDP_Awrite288read288depth16384_BsimilarToA_128BRAM_blk_mem_gen_prim_width__parameterized7
INFO: [VRFC 10-311] analyzing module blk_mem_gen_TDP_Awrite288read288depth16384_BsimilarToA_128BRAM_blk_mem_gen_prim_width__parameterized70
INFO: [VRFC 10-311] analyzing module blk_mem_gen_TDP_Awrite288read288depth16384_BsimilarToA_128BRAM_blk_mem_gen_prim_width__parameterized71
INFO: [VRFC 10-311] analyzing module blk_mem_gen_TDP_Awrite288read288depth16384_BsimilarToA_128BRAM_blk_mem_gen_prim_width__parameterized72
INFO: [VRFC 10-311] analyzing module blk_mem_gen_TDP_Awrite288read288depth16384_BsimilarToA_128BRAM_blk_mem_gen_prim_width__parameterized73
INFO: [VRFC 10-311] analyzing module blk_mem_gen_TDP_Awrite288read288depth16384_BsimilarToA_128BRAM_blk_mem_gen_prim_width__parameterized74
INFO: [VRFC 10-311] analyzing module blk_mem_gen_TDP_Awrite288read288depth16384_BsimilarToA_128BRAM_blk_mem_gen_prim_width__parameterized75
INFO: [VRFC 10-311] analyzing module blk_mem_gen_TDP_Awrite288read288depth16384_BsimilarToA_128BRAM_blk_mem_gen_prim_width__parameterized76
INFO: [VRFC 10-311] analyzing module blk_mem_gen_TDP_Awrite288read288depth16384_BsimilarToA_128BRAM_blk_mem_gen_prim_width__parameterized77
INFO: [VRFC 10-311] analyzing module blk_mem_gen_TDP_Awrite288read288depth16384_BsimilarToA_128BRAM_blk_mem_gen_prim_width__parameterized78
INFO: [VRFC 10-311] analyzing module blk_mem_gen_TDP_Awrite288read288depth16384_BsimilarToA_128BRAM_blk_mem_gen_prim_width__parameterized79
INFO: [VRFC 10-311] analyzing module blk_mem_gen_TDP_Awrite288read288depth16384_BsimilarToA_128BRAM_blk_mem_gen_prim_width__parameterized8
INFO: [VRFC 10-311] analyzing module blk_mem_gen_TDP_Awrite288read288depth16384_BsimilarToA_128BRAM_blk_mem_gen_prim_width__parameterized80
INFO: [VRFC 10-311] analyzing module blk_mem_gen_TDP_Awrite288read288depth16384_BsimilarToA_128BRAM_blk_mem_gen_prim_width__parameterized81
INFO: [VRFC 10-311] analyzing module blk_mem_gen_TDP_Awrite288read288depth16384_BsimilarToA_128BRAM_blk_mem_gen_prim_width__parameterized82
INFO: [VRFC 10-311] analyzing module blk_mem_gen_TDP_Awrite288read288depth16384_BsimilarToA_128BRAM_blk_mem_gen_prim_width__parameterized83
INFO: [VRFC 10-311] analyzing module blk_mem_gen_TDP_Awrite288read288depth16384_BsimilarToA_128BRAM_blk_mem_gen_prim_width__parameterized84
INFO: [VRFC 10-311] analyzing module blk_mem_gen_TDP_Awrite288read288depth16384_BsimilarToA_128BRAM_blk_mem_gen_prim_width__parameterized85
INFO: [VRFC 10-311] analyzing module blk_mem_gen_TDP_Awrite288read288depth16384_BsimilarToA_128BRAM_blk_mem_gen_prim_width__parameterized86
INFO: [VRFC 10-311] analyzing module blk_mem_gen_TDP_Awrite288read288depth16384_BsimilarToA_128BRAM_blk_mem_gen_prim_width__parameterized87
INFO: [VRFC 10-311] analyzing module blk_mem_gen_TDP_Awrite288read288depth16384_BsimilarToA_128BRAM_blk_mem_gen_prim_width__parameterized88
INFO: [VRFC 10-311] analyzing module blk_mem_gen_TDP_Awrite288read288depth16384_BsimilarToA_128BRAM_blk_mem_gen_prim_width__parameterized89
INFO: [VRFC 10-311] analyzing module blk_mem_gen_TDP_Awrite288read288depth16384_BsimilarToA_128BRAM_blk_mem_gen_prim_width__parameterized9
INFO: [VRFC 10-311] analyzing module blk_mem_gen_TDP_Awrite288read288depth16384_BsimilarToA_128BRAM_blk_mem_gen_prim_width__parameterized90
INFO: [VRFC 10-311] analyzing module blk_mem_gen_TDP_Awrite288read288depth16384_BsimilarToA_128BRAM_blk_mem_gen_prim_width__parameterized91
INFO: [VRFC 10-311] analyzing module blk_mem_gen_TDP_Awrite288read288depth16384_BsimilarToA_128BRAM_blk_mem_gen_prim_width__parameterized92
INFO: [VRFC 10-311] analyzing module blk_mem_gen_TDP_Awrite288read288depth16384_BsimilarToA_128BRAM_blk_mem_gen_prim_width__parameterized93
INFO: [VRFC 10-311] analyzing module blk_mem_gen_TDP_Awrite288read288depth16384_BsimilarToA_128BRAM_blk_mem_gen_prim_width__parameterized94
INFO: [VRFC 10-311] analyzing module blk_mem_gen_TDP_Awrite288read288depth16384_BsimilarToA_128BRAM_blk_mem_gen_prim_width__parameterized95
INFO: [VRFC 10-311] analyzing module blk_mem_gen_TDP_Awrite288read288depth16384_BsimilarToA_128BRAM_blk_mem_gen_prim_width__parameterized96
INFO: [VRFC 10-311] analyzing module blk_mem_gen_TDP_Awrite288read288depth16384_BsimilarToA_128BRAM_blk_mem_gen_prim_width__parameterized97
INFO: [VRFC 10-311] analyzing module blk_mem_gen_TDP_Awrite288read288depth16384_BsimilarToA_128BRAM_blk_mem_gen_prim_width__parameterized98
INFO: [VRFC 10-311] analyzing module blk_mem_gen_TDP_Awrite288read288depth16384_BsimilarToA_128BRAM_blk_mem_gen_prim_width__parameterized99
INFO: [VRFC 10-311] analyzing module blk_mem_gen_TDP_Awrite288read288depth16384_BsimilarToA_128BRAM_blk_mem_gen_prim_wrapper
INFO: [VRFC 10-311] analyzing module blk_mem_gen_TDP_Awrite288read288depth16384_BsimilarToA_128BRAM_blk_mem_gen_prim_wrapper__parameterized0
INFO: [VRFC 10-311] analyzing module blk_mem_gen_TDP_Awrite288read288depth16384_BsimilarToA_128BRAM_blk_mem_gen_prim_wrapper__parameterized1
INFO: [VRFC 10-311] analyzing module blk_mem_gen_TDP_Awrite288read288depth16384_BsimilarToA_128BRAM_blk_mem_gen_prim_wrapper__parameterized10
INFO: [VRFC 10-311] analyzing module blk_mem_gen_TDP_Awrite288read288depth16384_BsimilarToA_128BRAM_blk_mem_gen_prim_wrapper__parameterized100
INFO: [VRFC 10-311] analyzing module blk_mem_gen_TDP_Awrite288read288depth16384_BsimilarToA_128BRAM_blk_mem_gen_prim_wrapper__parameterized101
INFO: [VRFC 10-311] analyzing module blk_mem_gen_TDP_Awrite288read288depth16384_BsimilarToA_128BRAM_blk_mem_gen_prim_wrapper__parameterized102
INFO: [VRFC 10-311] analyzing module blk_mem_gen_TDP_Awrite288read288depth16384_BsimilarToA_128BRAM_blk_mem_gen_prim_wrapper__parameterized103
INFO: [VRFC 10-311] analyzing module blk_mem_gen_TDP_Awrite288read288depth16384_BsimilarToA_128BRAM_blk_mem_gen_prim_wrapper__parameterized104
INFO: [VRFC 10-311] analyzing module blk_mem_gen_TDP_Awrite288read288depth16384_BsimilarToA_128BRAM_blk_mem_gen_prim_wrapper__parameterized105
INFO: [VRFC 10-311] analyzing module blk_mem_gen_TDP_Awrite288read288depth16384_BsimilarToA_128BRAM_blk_mem_gen_prim_wrapper__parameterized106
INFO: [VRFC 10-311] analyzing module blk_mem_gen_TDP_Awrite288read288depth16384_BsimilarToA_128BRAM_blk_mem_gen_prim_wrapper__parameterized107
INFO: [VRFC 10-311] analyzing module blk_mem_gen_TDP_Awrite288read288depth16384_BsimilarToA_128BRAM_blk_mem_gen_prim_wrapper__parameterized108
INFO: [VRFC 10-311] analyzing module blk_mem_gen_TDP_Awrite288read288depth16384_BsimilarToA_128BRAM_blk_mem_gen_prim_wrapper__parameterized109
INFO: [VRFC 10-311] analyzing module blk_mem_gen_TDP_Awrite288read288depth16384_BsimilarToA_128BRAM_blk_mem_gen_prim_wrapper__parameterized11
INFO: [VRFC 10-311] analyzing module blk_mem_gen_TDP_Awrite288read288depth16384_BsimilarToA_128BRAM_blk_mem_gen_prim_wrapper__parameterized110
INFO: [VRFC 10-311] analyzing module blk_mem_gen_TDP_Awrite288read288depth16384_BsimilarToA_128BRAM_blk_mem_gen_prim_wrapper__parameterized111
INFO: [VRFC 10-311] analyzing module blk_mem_gen_TDP_Awrite288read288depth16384_BsimilarToA_128BRAM_blk_mem_gen_prim_wrapper__parameterized112
INFO: [VRFC 10-311] analyzing module blk_mem_gen_TDP_Awrite288read288depth16384_BsimilarToA_128BRAM_blk_mem_gen_prim_wrapper__parameterized113
INFO: [VRFC 10-311] analyzing module blk_mem_gen_TDP_Awrite288read288depth16384_BsimilarToA_128BRAM_blk_mem_gen_prim_wrapper__parameterized114
INFO: [VRFC 10-311] analyzing module blk_mem_gen_TDP_Awrite288read288depth16384_BsimilarToA_128BRAM_blk_mem_gen_prim_wrapper__parameterized115
INFO: [VRFC 10-311] analyzing module blk_mem_gen_TDP_Awrite288read288depth16384_BsimilarToA_128BRAM_blk_mem_gen_prim_wrapper__parameterized116
INFO: [VRFC 10-311] analyzing module blk_mem_gen_TDP_Awrite288read288depth16384_BsimilarToA_128BRAM_blk_mem_gen_prim_wrapper__parameterized117
INFO: [VRFC 10-311] analyzing module blk_mem_gen_TDP_Awrite288read288depth16384_BsimilarToA_128BRAM_blk_mem_gen_prim_wrapper__parameterized118
INFO: [VRFC 10-311] analyzing module blk_mem_gen_TDP_Awrite288read288depth16384_BsimilarToA_128BRAM_blk_mem_gen_prim_wrapper__parameterized119
INFO: [VRFC 10-311] analyzing module blk_mem_gen_TDP_Awrite288read288depth16384_BsimilarToA_128BRAM_blk_mem_gen_prim_wrapper__parameterized12
INFO: [VRFC 10-311] analyzing module blk_mem_gen_TDP_Awrite288read288depth16384_BsimilarToA_128BRAM_blk_mem_gen_prim_wrapper__parameterized120
INFO: [VRFC 10-311] analyzing module blk_mem_gen_TDP_Awrite288read288depth16384_BsimilarToA_128BRAM_blk_mem_gen_prim_wrapper__parameterized121
INFO: [VRFC 10-311] analyzing module blk_mem_gen_TDP_Awrite288read288depth16384_BsimilarToA_128BRAM_blk_mem_gen_prim_wrapper__parameterized122
INFO: [VRFC 10-311] analyzing module blk_mem_gen_TDP_Awrite288read288depth16384_BsimilarToA_128BRAM_blk_mem_gen_prim_wrapper__parameterized123
INFO: [VRFC 10-311] analyzing module blk_mem_gen_TDP_Awrite288read288depth16384_BsimilarToA_128BRAM_blk_mem_gen_prim_wrapper__parameterized124
INFO: [VRFC 10-311] analyzing module blk_mem_gen_TDP_Awrite288read288depth16384_BsimilarToA_128BRAM_blk_mem_gen_prim_wrapper__parameterized125
INFO: [VRFC 10-311] analyzing module blk_mem_gen_TDP_Awrite288read288depth16384_BsimilarToA_128BRAM_blk_mem_gen_prim_wrapper__parameterized126
INFO: [VRFC 10-311] analyzing module blk_mem_gen_TDP_Awrite288read288depth16384_BsimilarToA_128BRAM_blk_mem_gen_prim_wrapper__parameterized13
INFO: [VRFC 10-311] analyzing module blk_mem_gen_TDP_Awrite288read288depth16384_BsimilarToA_128BRAM_blk_mem_gen_prim_wrapper__parameterized14
INFO: [VRFC 10-311] analyzing module blk_mem_gen_TDP_Awrite288read288depth16384_BsimilarToA_128BRAM_blk_mem_gen_prim_wrapper__parameterized15
INFO: [VRFC 10-311] analyzing module blk_mem_gen_TDP_Awrite288read288depth16384_BsimilarToA_128BRAM_blk_mem_gen_prim_wrapper__parameterized16
INFO: [VRFC 10-311] analyzing module blk_mem_gen_TDP_Awrite288read288depth16384_BsimilarToA_128BRAM_blk_mem_gen_prim_wrapper__parameterized17
INFO: [VRFC 10-311] analyzing module blk_mem_gen_TDP_Awrite288read288depth16384_BsimilarToA_128BRAM_blk_mem_gen_prim_wrapper__parameterized18
INFO: [VRFC 10-311] analyzing module blk_mem_gen_TDP_Awrite288read288depth16384_BsimilarToA_128BRAM_blk_mem_gen_prim_wrapper__parameterized19
INFO: [VRFC 10-311] analyzing module blk_mem_gen_TDP_Awrite288read288depth16384_BsimilarToA_128BRAM_blk_mem_gen_prim_wrapper__parameterized2
INFO: [VRFC 10-311] analyzing module blk_mem_gen_TDP_Awrite288read288depth16384_BsimilarToA_128BRAM_blk_mem_gen_prim_wrapper__parameterized20
INFO: [VRFC 10-311] analyzing module blk_mem_gen_TDP_Awrite288read288depth16384_BsimilarToA_128BRAM_blk_mem_gen_prim_wrapper__parameterized21
INFO: [VRFC 10-311] analyzing module blk_mem_gen_TDP_Awrite288read288depth16384_BsimilarToA_128BRAM_blk_mem_gen_prim_wrapper__parameterized22
INFO: [VRFC 10-311] analyzing module blk_mem_gen_TDP_Awrite288read288depth16384_BsimilarToA_128BRAM_blk_mem_gen_prim_wrapper__parameterized23
INFO: [VRFC 10-311] analyzing module blk_mem_gen_TDP_Awrite288read288depth16384_BsimilarToA_128BRAM_blk_mem_gen_prim_wrapper__parameterized24
INFO: [VRFC 10-311] analyzing module blk_mem_gen_TDP_Awrite288read288depth16384_BsimilarToA_128BRAM_blk_mem_gen_prim_wrapper__parameterized25
INFO: [VRFC 10-311] analyzing module blk_mem_gen_TDP_Awrite288read288depth16384_BsimilarToA_128BRAM_blk_mem_gen_prim_wrapper__parameterized26
INFO: [VRFC 10-311] analyzing module blk_mem_gen_TDP_Awrite288read288depth16384_BsimilarToA_128BRAM_blk_mem_gen_prim_wrapper__parameterized27
INFO: [VRFC 10-311] analyzing module blk_mem_gen_TDP_Awrite288read288depth16384_BsimilarToA_128BRAM_blk_mem_gen_prim_wrapper__parameterized28
INFO: [VRFC 10-311] analyzing module blk_mem_gen_TDP_Awrite288read288depth16384_BsimilarToA_128BRAM_blk_mem_gen_prim_wrapper__parameterized29
INFO: [VRFC 10-311] analyzing module blk_mem_gen_TDP_Awrite288read288depth16384_BsimilarToA_128BRAM_blk_mem_gen_prim_wrapper__parameterized3
INFO: [VRFC 10-311] analyzing module blk_mem_gen_TDP_Awrite288read288depth16384_BsimilarToA_128BRAM_blk_mem_gen_prim_wrapper__parameterized30
INFO: [VRFC 10-311] analyzing module blk_mem_gen_TDP_Awrite288read288depth16384_BsimilarToA_128BRAM_blk_mem_gen_prim_wrapper__parameterized31
INFO: [VRFC 10-311] analyzing module blk_mem_gen_TDP_Awrite288read288depth16384_BsimilarToA_128BRAM_blk_mem_gen_prim_wrapper__parameterized32
INFO: [VRFC 10-311] analyzing module blk_mem_gen_TDP_Awrite288read288depth16384_BsimilarToA_128BRAM_blk_mem_gen_prim_wrapper__parameterized33
INFO: [VRFC 10-311] analyzing module blk_mem_gen_TDP_Awrite288read288depth16384_BsimilarToA_128BRAM_blk_mem_gen_prim_wrapper__parameterized34
INFO: [VRFC 10-311] analyzing module blk_mem_gen_TDP_Awrite288read288depth16384_BsimilarToA_128BRAM_blk_mem_gen_prim_wrapper__parameterized35
INFO: [VRFC 10-311] analyzing module blk_mem_gen_TDP_Awrite288read288depth16384_BsimilarToA_128BRAM_blk_mem_gen_prim_wrapper__parameterized36
INFO: [VRFC 10-311] analyzing module blk_mem_gen_TDP_Awrite288read288depth16384_BsimilarToA_128BRAM_blk_mem_gen_prim_wrapper__parameterized37
INFO: [VRFC 10-311] analyzing module blk_mem_gen_TDP_Awrite288read288depth16384_BsimilarToA_128BRAM_blk_mem_gen_prim_wrapper__parameterized38
INFO: [VRFC 10-311] analyzing module blk_mem_gen_TDP_Awrite288read288depth16384_BsimilarToA_128BRAM_blk_mem_gen_prim_wrapper__parameterized39
INFO: [VRFC 10-311] analyzing module blk_mem_gen_TDP_Awrite288read288depth16384_BsimilarToA_128BRAM_blk_mem_gen_prim_wrapper__parameterized4
INFO: [VRFC 10-311] analyzing module blk_mem_gen_TDP_Awrite288read288depth16384_BsimilarToA_128BRAM_blk_mem_gen_prim_wrapper__parameterized40
INFO: [VRFC 10-311] analyzing module blk_mem_gen_TDP_Awrite288read288depth16384_BsimilarToA_128BRAM_blk_mem_gen_prim_wrapper__parameterized41
INFO: [VRFC 10-311] analyzing module blk_mem_gen_TDP_Awrite288read288depth16384_BsimilarToA_128BRAM_blk_mem_gen_prim_wrapper__parameterized42
INFO: [VRFC 10-311] analyzing module blk_mem_gen_TDP_Awrite288read288depth16384_BsimilarToA_128BRAM_blk_mem_gen_prim_wrapper__parameterized43
INFO: [VRFC 10-311] analyzing module blk_mem_gen_TDP_Awrite288read288depth16384_BsimilarToA_128BRAM_blk_mem_gen_prim_wrapper__parameterized44
INFO: [VRFC 10-311] analyzing module blk_mem_gen_TDP_Awrite288read288depth16384_BsimilarToA_128BRAM_blk_mem_gen_prim_wrapper__parameterized45
INFO: [VRFC 10-311] analyzing module blk_mem_gen_TDP_Awrite288read288depth16384_BsimilarToA_128BRAM_blk_mem_gen_prim_wrapper__parameterized46
INFO: [VRFC 10-311] analyzing module blk_mem_gen_TDP_Awrite288read288depth16384_BsimilarToA_128BRAM_blk_mem_gen_prim_wrapper__parameterized47
INFO: [VRFC 10-311] analyzing module blk_mem_gen_TDP_Awrite288read288depth16384_BsimilarToA_128BRAM_blk_mem_gen_prim_wrapper__parameterized48
INFO: [VRFC 10-311] analyzing module blk_mem_gen_TDP_Awrite288read288depth16384_BsimilarToA_128BRAM_blk_mem_gen_prim_wrapper__parameterized49
INFO: [VRFC 10-311] analyzing module blk_mem_gen_TDP_Awrite288read288depth16384_BsimilarToA_128BRAM_blk_mem_gen_prim_wrapper__parameterized5
INFO: [VRFC 10-311] analyzing module blk_mem_gen_TDP_Awrite288read288depth16384_BsimilarToA_128BRAM_blk_mem_gen_prim_wrapper__parameterized50
INFO: [VRFC 10-311] analyzing module blk_mem_gen_TDP_Awrite288read288depth16384_BsimilarToA_128BRAM_blk_mem_gen_prim_wrapper__parameterized51
INFO: [VRFC 10-311] analyzing module blk_mem_gen_TDP_Awrite288read288depth16384_BsimilarToA_128BRAM_blk_mem_gen_prim_wrapper__parameterized52
INFO: [VRFC 10-311] analyzing module blk_mem_gen_TDP_Awrite288read288depth16384_BsimilarToA_128BRAM_blk_mem_gen_prim_wrapper__parameterized53
INFO: [VRFC 10-311] analyzing module blk_mem_gen_TDP_Awrite288read288depth16384_BsimilarToA_128BRAM_blk_mem_gen_prim_wrapper__parameterized54
INFO: [VRFC 10-311] analyzing module blk_mem_gen_TDP_Awrite288read288depth16384_BsimilarToA_128BRAM_blk_mem_gen_prim_wrapper__parameterized55
INFO: [VRFC 10-311] analyzing module blk_mem_gen_TDP_Awrite288read288depth16384_BsimilarToA_128BRAM_blk_mem_gen_prim_wrapper__parameterized56
INFO: [VRFC 10-311] analyzing module blk_mem_gen_TDP_Awrite288read288depth16384_BsimilarToA_128BRAM_blk_mem_gen_prim_wrapper__parameterized57
INFO: [VRFC 10-311] analyzing module blk_mem_gen_TDP_Awrite288read288depth16384_BsimilarToA_128BRAM_blk_mem_gen_prim_wrapper__parameterized58
INFO: [VRFC 10-311] analyzing module blk_mem_gen_TDP_Awrite288read288depth16384_BsimilarToA_128BRAM_blk_mem_gen_prim_wrapper__parameterized59
INFO: [VRFC 10-311] analyzing module blk_mem_gen_TDP_Awrite288read288depth16384_BsimilarToA_128BRAM_blk_mem_gen_prim_wrapper__parameterized6
INFO: [VRFC 10-311] analyzing module blk_mem_gen_TDP_Awrite288read288depth16384_BsimilarToA_128BRAM_blk_mem_gen_prim_wrapper__parameterized60
INFO: [VRFC 10-311] analyzing module blk_mem_gen_TDP_Awrite288read288depth16384_BsimilarToA_128BRAM_blk_mem_gen_prim_wrapper__parameterized61
INFO: [VRFC 10-311] analyzing module blk_mem_gen_TDP_Awrite288read288depth16384_BsimilarToA_128BRAM_blk_mem_gen_prim_wrapper__parameterized62
INFO: [VRFC 10-311] analyzing module blk_mem_gen_TDP_Awrite288read288depth16384_BsimilarToA_128BRAM_blk_mem_gen_prim_wrapper__parameterized63
INFO: [VRFC 10-311] analyzing module blk_mem_gen_TDP_Awrite288read288depth16384_BsimilarToA_128BRAM_blk_mem_gen_prim_wrapper__parameterized64
INFO: [VRFC 10-311] analyzing module blk_mem_gen_TDP_Awrite288read288depth16384_BsimilarToA_128BRAM_blk_mem_gen_prim_wrapper__parameterized65
INFO: [VRFC 10-311] analyzing module blk_mem_gen_TDP_Awrite288read288depth16384_BsimilarToA_128BRAM_blk_mem_gen_prim_wrapper__parameterized66
INFO: [VRFC 10-311] analyzing module blk_mem_gen_TDP_Awrite288read288depth16384_BsimilarToA_128BRAM_blk_mem_gen_prim_wrapper__parameterized67
INFO: [VRFC 10-311] analyzing module blk_mem_gen_TDP_Awrite288read288depth16384_BsimilarToA_128BRAM_blk_mem_gen_prim_wrapper__parameterized68
INFO: [VRFC 10-311] analyzing module blk_mem_gen_TDP_Awrite288read288depth16384_BsimilarToA_128BRAM_blk_mem_gen_prim_wrapper__parameterized69
INFO: [VRFC 10-311] analyzing module blk_mem_gen_TDP_Awrite288read288depth16384_BsimilarToA_128BRAM_blk_mem_gen_prim_wrapper__parameterized7
INFO: [VRFC 10-311] analyzing module blk_mem_gen_TDP_Awrite288read288depth16384_BsimilarToA_128BRAM_blk_mem_gen_prim_wrapper__parameterized70
INFO: [VRFC 10-311] analyzing module blk_mem_gen_TDP_Awrite288read288depth16384_BsimilarToA_128BRAM_blk_mem_gen_prim_wrapper__parameterized71
INFO: [VRFC 10-311] analyzing module blk_mem_gen_TDP_Awrite288read288depth16384_BsimilarToA_128BRAM_blk_mem_gen_prim_wrapper__parameterized72
INFO: [VRFC 10-311] analyzing module blk_mem_gen_TDP_Awrite288read288depth16384_BsimilarToA_128BRAM_blk_mem_gen_prim_wrapper__parameterized73
INFO: [VRFC 10-311] analyzing module blk_mem_gen_TDP_Awrite288read288depth16384_BsimilarToA_128BRAM_blk_mem_gen_prim_wrapper__parameterized74
INFO: [VRFC 10-311] analyzing module blk_mem_gen_TDP_Awrite288read288depth16384_BsimilarToA_128BRAM_blk_mem_gen_prim_wrapper__parameterized75
INFO: [VRFC 10-311] analyzing module blk_mem_gen_TDP_Awrite288read288depth16384_BsimilarToA_128BRAM_blk_mem_gen_prim_wrapper__parameterized76
INFO: [VRFC 10-311] analyzing module blk_mem_gen_TDP_Awrite288read288depth16384_BsimilarToA_128BRAM_blk_mem_gen_prim_wrapper__parameterized77
INFO: [VRFC 10-311] analyzing module blk_mem_gen_TDP_Awrite288read288depth16384_BsimilarToA_128BRAM_blk_mem_gen_prim_wrapper__parameterized78
INFO: [VRFC 10-311] analyzing module blk_mem_gen_TDP_Awrite288read288depth16384_BsimilarToA_128BRAM_blk_mem_gen_prim_wrapper__parameterized79
INFO: [VRFC 10-311] analyzing module blk_mem_gen_TDP_Awrite288read288depth16384_BsimilarToA_128BRAM_blk_mem_gen_prim_wrapper__parameterized8
INFO: [VRFC 10-311] analyzing module blk_mem_gen_TDP_Awrite288read288depth16384_BsimilarToA_128BRAM_blk_mem_gen_prim_wrapper__parameterized80
INFO: [VRFC 10-311] analyzing module blk_mem_gen_TDP_Awrite288read288depth16384_BsimilarToA_128BRAM_blk_mem_gen_prim_wrapper__parameterized81
INFO: [VRFC 10-311] analyzing module blk_mem_gen_TDP_Awrite288read288depth16384_BsimilarToA_128BRAM_blk_mem_gen_prim_wrapper__parameterized82
INFO: [VRFC 10-311] analyzing module blk_mem_gen_TDP_Awrite288read288depth16384_BsimilarToA_128BRAM_blk_mem_gen_prim_wrapper__parameterized83
INFO: [VRFC 10-311] analyzing module blk_mem_gen_TDP_Awrite288read288depth16384_BsimilarToA_128BRAM_blk_mem_gen_prim_wrapper__parameterized84
INFO: [VRFC 10-311] analyzing module blk_mem_gen_TDP_Awrite288read288depth16384_BsimilarToA_128BRAM_blk_mem_gen_prim_wrapper__parameterized85
INFO: [VRFC 10-311] analyzing module blk_mem_gen_TDP_Awrite288read288depth16384_BsimilarToA_128BRAM_blk_mem_gen_prim_wrapper__parameterized86
INFO: [VRFC 10-311] analyzing module blk_mem_gen_TDP_Awrite288read288depth16384_BsimilarToA_128BRAM_blk_mem_gen_prim_wrapper__parameterized87
INFO: [VRFC 10-311] analyzing module blk_mem_gen_TDP_Awrite288read288depth16384_BsimilarToA_128BRAM_blk_mem_gen_prim_wrapper__parameterized88
INFO: [VRFC 10-311] analyzing module blk_mem_gen_TDP_Awrite288read288depth16384_BsimilarToA_128BRAM_blk_mem_gen_prim_wrapper__parameterized89
INFO: [VRFC 10-311] analyzing module blk_mem_gen_TDP_Awrite288read288depth16384_BsimilarToA_128BRAM_blk_mem_gen_prim_wrapper__parameterized9
INFO: [VRFC 10-311] analyzing module blk_mem_gen_TDP_Awrite288read288depth16384_BsimilarToA_128BRAM_blk_mem_gen_prim_wrapper__parameterized90
INFO: [VRFC 10-311] analyzing module blk_mem_gen_TDP_Awrite288read288depth16384_BsimilarToA_128BRAM_blk_mem_gen_prim_wrapper__parameterized91
INFO: [VRFC 10-311] analyzing module blk_mem_gen_TDP_Awrite288read288depth16384_BsimilarToA_128BRAM_blk_mem_gen_prim_wrapper__parameterized92
INFO: [VRFC 10-311] analyzing module blk_mem_gen_TDP_Awrite288read288depth16384_BsimilarToA_128BRAM_blk_mem_gen_prim_wrapper__parameterized93
INFO: [VRFC 10-311] analyzing module blk_mem_gen_TDP_Awrite288read288depth16384_BsimilarToA_128BRAM_blk_mem_gen_prim_wrapper__parameterized94
INFO: [VRFC 10-311] analyzing module blk_mem_gen_TDP_Awrite288read288depth16384_BsimilarToA_128BRAM_blk_mem_gen_prim_wrapper__parameterized95
INFO: [VRFC 10-311] analyzing module blk_mem_gen_TDP_Awrite288read288depth16384_BsimilarToA_128BRAM_blk_mem_gen_prim_wrapper__parameterized96
INFO: [VRFC 10-311] analyzing module blk_mem_gen_TDP_Awrite288read288depth16384_BsimilarToA_128BRAM_blk_mem_gen_prim_wrapper__parameterized97
INFO: [VRFC 10-311] analyzing module blk_mem_gen_TDP_Awrite288read288depth16384_BsimilarToA_128BRAM_blk_mem_gen_prim_wrapper__parameterized98
INFO: [VRFC 10-311] analyzing module blk_mem_gen_TDP_Awrite288read288depth16384_BsimilarToA_128BRAM_blk_mem_gen_prim_wrapper__parameterized99
INFO: [VRFC 10-311] analyzing module blk_mem_gen_TDP_Awrite288read288depth16384_BsimilarToA_128BRAM_blk_mem_gen_top
INFO: [VRFC 10-311] analyzing module blk_mem_gen_TDP_Awrite288read288depth16384_BsimilarToA_128BRAM_blk_mem_gen_v8_3_0
INFO: [VRFC 10-311] analyzing module blk_mem_gen_TDP_Awrite288read288depth16384_BsimilarToA_128BRAM_blk_mem_gen_v8_3_0_synth
INFO: [VRFC 10-311] analyzing module glbl
